<?xml version="1.0" encoding="UTF-8"?>
<testsuite xmlns:xsi="http://www.w3.org/2001/XMLSchema-instance" xsi:noNamespaceSchemaLocation="https://maven.apache.org/surefire/maven-surefire-plugin/xsd/surefire-test-report-3.0.xsd" version="3.0" name="za.ac.iie.prog5121.LoginTest" time="0.115" tests="12" errors="0" skipped="0" failures="0">
  <properties>
    <property name="java.specification.version" value="21"/>
    <property name="sun.cpu.isalist" value="amd64"/>
    <property name="sun.jnu.encoding" value="Cp1252"/>
    <property name="java.class.path" value="C:\Users\RC_Student_Lab\OneDrive - ADvTECH Ltd\quickchat\target\test-classes;C:\Users\RC_Student_Lab\OneDrive - ADvTECH Ltd\quickchat\target\classes;C:\Users\RC_Student_Lab\.m2\repository\org\junit\jupiter\junit-jupiter\5.10.0\junit-jupiter-5.10.0.jar;C:\Users\RC_Student_Lab\.m2\repository\org\junit\jupiter\junit-jupiter-api\5.10.0\junit-jupiter-api-5.10.0.jar;C:\Users\RC_Student_Lab\.m2\repository\org\opentest4j\opentest4j\1.3.0\opentest4j-1.3.0.jar;C:\Users\RC_Student_Lab\.m2\repository\org\junit\platform\junit-platform-commons\1.10.0\junit-platform-commons-1.10.0.jar;C:\Users\RC_Student_Lab\.m2\repository\org\apiguardian\apiguardian-api\1.1.2\apiguardian-api-1.1.2.jar;C:\Users\RC_Student_Lab\.m2\repository\org\junit\jupiter\junit-jupiter-params\5.10.0\junit-jupiter-params-5.10.0.jar;C:\Users\RC_Student_Lab\.m2\repository\org\junit\jupiter\junit-jupiter-engine\5.10.0\junit-jupiter-engine-5.10.0.jar;C:\Users\RC_Student_Lab\.m2\repository\org\junit\platform\junit-platform-engine\1.10.0\junit-platform-engine-1.10.0.jar;"/>
    <property name="java.vm.vendor" value="Oracle Corporation"/>
    <property name="sun.arch.data.model" value="64"/>
    <property name="user.variant" value=""/>
    <property name="java.vendor.url" value="https://java.oracle.com/"/>
    <property name="user.timezone" value="Etc/UTC"/>
    <property name="os.name" value="Windows 11"/>
    <property name="java.vm.specification.version" value="21"/>
    <property name="sun.java.launcher" value="SUN_STANDARD"/>
    <property name="user.country" value="US"/>
    <property name="sun.boot.library.path" value="C:\Program Files\Java\jdk-21\bin"/>
    <property name="sun.java.command" value="C:\Users\RC_Student_Lab\AppData\Local\Temp\surefire12873679884556597015\surefirebooter-20250918134909716_3.jar C:\Users\RC_Student_Lab\AppData\Local\Temp\surefire12873679884556597015 2025-09-18T13-49-09_497-jvmRun1 surefire-20250918134909716_1tmp surefire_0-20250918134909716_2tmp"/>
    <property name="jdk.debug" value="release"/>
    <property name="surefire.test.class.path" value="C:\Users\RC_Student_Lab\OneDrive - ADvTECH Ltd\quickchat\target\test-classes;C:\Users\RC_Student_Lab\OneDrive - ADvTECH Ltd\quickchat\target\classes;C:\Users\RC_Student_Lab\.m2\repository\org\junit\jupiter\junit-jupiter\5.10.0\junit-jupiter-5.10.0.jar;C:\Users\RC_Student_Lab\.m2\repository\org\junit\jupiter\junit-jupiter-api\5.10.0\junit-jupiter-api-5.10.0.jar;C:\Users\RC_Student_Lab\.m2\repository\org\opentest4j\opentest4j\1.3.0\opentest4j-1.3.0.jar;C:\Users\RC_Student_Lab\.m2\repository\org\junit\platform\junit-platform-commons\1.10.0\junit-platform-commons-1.10.0.jar;C:\Users\RC_Student_Lab\.m2\repository\org\apiguardian\apiguardian-api\1.1.2\apiguardian-api-1.1.2.jar;C:\Users\RC_Student_Lab\.m2\repository\org\junit\jupiter\junit-jupiter-params\5.10.0\junit-jupiter-params-5.10.0.jar;C:\Users\RC_Student_Lab\.m2\repository\org\junit\jupiter\junit-jupiter-engine\5.10.0\junit-jupiter-engine-5.10.0.jar;C:\Users\RC_Student_Lab\.m2\repository\org\junit\platform\junit-platform-engine\1.10.0\junit-platform-engine-1.10.0.jar;"/>
    <property name="sun.cpu.endian" value="little"/>
    <property name="user.home" value="C:\Users\RC_Student_Lab"/>
    <property name="user.language" value="en"/>
    <property name="java.specification.vendor" value="Oracle Corporation"/>
    <property name="java.version.date" value="2023-09-19"/>
    <property name="java.home" value="C:\Program Files\Java\jdk-21"/>
    <property name="file.separator" value="\"/>
    <property name="basedir" value="C:\Users\RC_Student_Lab\OneDrive - ADvTECH Ltd\quickchat"/>
    <property name="java.vm.compressedOopsMode" value="Zero based"/>
    <property name="line.separator" value="&#10;"/>
    <property name="java.vm.specification.vendor" value="Oracle Corporation"/>
    <property name="java.specification.name" value="Java Platform API Specification"/>
    <property name="surefire.real.class.path" value="C:\Users\RC_Student_Lab\AppData\Local\Temp\surefire12873679884556597015\surefirebooter-20250918134909716_3.jar"/>
    <property name="user.script" value=""/>
    <property name="sun.management.compiler" value="HotSpot 64-Bit Tiered Compilers"/>
    <property name="java.runtime.version" value="21+35-LTS-2513"/>
    <property name="user.name" value="RC_Student_Lab"/>
    <property name="stdout.encoding" value="Cp1252"/>
    <property name="path.separator" value=";"/>
    <property name="os.version" value="10.0"/>
    <property name="java.runtime.name" value="Java(TM) SE Runtime Environment"/>
    <property name="file.encoding" value="UTF-8"/>
    <property name="java.vm.name" value="Java HotSpot(TM) 64-Bit Server VM"/>
    <property name="localRepository" value="C:\Users\RC_Student_Lab\.m2\repository"/>
    <property name="java.vendor.url.bug" value="https://bugreport.java.com/bugreport/"/>
    <property name="java.io.tmpdir" value="C:\Users\RC_STU~1\AppData\Local\Temp\"/>
    <property name="java.version" value="21"/>
    <property name="user.dir" value="C:\Users\RC_Student_Lab\OneDrive - ADvTECH Ltd\quickchat"/>
    <property name="os.arch" value="amd64"/>
    <property name="java.vm.specification.name" value="Java Virtual Machine Specification"/>
    <property name="sun.os.patch.level" value=""/>
    <property name="native.encoding" value="Cp1252"/>
    <property name="java.library.path" value="C:\Program Files\Java\jdk-21\bin;C:\Windows\Sun\Java\bin;C:\Windows\system32;C:\Windows;C:\apache-maven-3.9.11-bin\apache-maven-3.9.11\bin;C:\Program Files\Git\cmd;C:\Users\RC_Student_Lab\AppData\Local\Microsoft\WindowsApps;C:\Users\RC_Student_Lab\AppData\Local\Programs\Microsoft VS Code\bin;C:\Users\RC_Student_Lab\AppData\Local\GitHubDesktop\bin;C:\Program Files (x86)\MongoDB Atlas CLI\;."/>
    <property name="java.vm.info" value="mixed mode, sharing"/>
    <property name="stderr.encoding" value="Cp1252"/>
    <property name="java.vendor" value="Oracle Corporation"/>
    <property name="java.vm.version" value="21+35-LTS-2513"/>
    <property name="sun.io.unicode.encoding" value="UnicodeLittle"/>
    <property name="java.class.version" value="65.0"/>
  </properties>
  <testcase name="testRegisterUserInvalidUsername" classname="za.ac.iie.prog5121.LoginTest" time="0.044"/>
  <testcase name="testLoginSuccess" classname="za.ac.iie.prog5121.LoginTest" time="0.01"/>
  <testcase name="testLoginFail" classname="za.ac.iie.prog5121.LoginTest" time="0.002"/>
  <testcase name="testValidCellFalse" classname="za.ac.iie.prog5121.LoginTest" time="0.002"/>
  <testcase name="testRegisterUserSuccess" classname="za.ac.iie.prog5121.LoginTest" time="0.001"/>
  <testcase name="testRegisterUserInvalidCell" classname="za.ac.iie.prog5121.LoginTest" time="0.002"/>
  <testcase name="testValidPasswordTrue" classname="za.ac.iie.prog5121.LoginTest" time="0.003"/>
  <testcase name="testValidCellTrue" classname="za.ac.iie.prog5121.LoginTest" time="0.001"/>
  <testcase name="testRegisterUserInvalidPassword" classname="za.ac.iie.prog5121.LoginTest" time="0.001"/>
  <testcase name="testValidUsernameTrue" classname="za.ac.iie.prog5121.LoginTest" time="0.002"/>
  <testcase name="testValidPasswordFalse" classname="za.ac.iie.prog5121.LoginTest" time="0.001"/>
  <testcase name="testValidUsernameFalse" classname="za.ac.iie.prog5121.LoginTest" time="0.001"/>
</testsuite>